<?xml version="1.0" encoding="UTF-8"?>
<coverage generated="1644761790082" clover="3.2.0">
  <project timestamp="1644761790082" name="All files">
    <metrics statements="13" coveredstatements="0" conditionals="0" coveredconditionals="0" methods="10" coveredmethods="0" elements="23" coveredelements="0" complexity="0" loc="13" ncloc="13" packages="3" files="3" classes="3"/>
    <package name="components">
      <metrics statements="2" coveredstatements="0" conditionals="0" coveredconditionals="0" methods="2" coveredmethods="0"/>
      <file name="MagaMenu.vue" path="/home/monster/app/weddinghouse-max/frontend/components/MagaMenu.vue">
        <metrics statements="2" coveredstatements="0" conditionals="0" coveredconditionals="0" methods="2" coveredmethods="0"/>
        <line num="137" count="0" type="stmt"/>
        <line num="138" count="0" type="stmt"/>
      </file>
    </package>
    <package name="components.Home">
      <metrics statements="9" coveredstatements="0" conditionals="0" coveredconditionals="0" methods="5" coveredmethods="0"/>
      <file name="ImageSlider.vue" path="/home/monster/app/weddinghouse-max/frontend/components/Home/ImageSlider.vue">
        <metrics statements="9" coveredstatements="0" conditionals="0" coveredconditionals="0" methods="5" coveredmethods="0"/>
        <line num="75" count="0" type="stmt"/>
        <line num="79" count="0" type="stmt"/>
        <line num="87" count="0" type="stmt"/>
        <line num="88" count="0" type="stmt"/>
        <line num="89" count="0" type="stmt"/>
        <line num="90" count="0" type="stmt"/>
        <line num="92" count="0" type="stmt"/>
        <line num="94" count="0" type="stmt"/>
        <line num="96" count="0" type="stmt"/>
      </file>
    </package>
    <package name="pages">
      <metrics statements="2" coveredstatements="0" conditionals="0" coveredconditionals="0" methods="3" coveredmethods="0"/>
      <file name="index.vue" path="/home/monster/app/weddinghouse-max/frontend/pages/index.vue">
        <metrics statements="2" coveredstatements="0" conditionals="0" coveredconditionals="0" methods="3" coveredmethods="0"/>
        <line num="15" count="0" type="stmt"/>
        <line num="18" count="0" type="stmt"/>
      </file>
    </package>
  </project>
</coverage>
