{"/home/monster/app/weddinghouse-max/frontend/components/MagaMenu.vue": {"path":"/home/monster/app/weddinghouse-max/frontend/components/MagaMenu.vue","statementMap":{"0":{"start":{"line":137,"column":16},"end":{"line":137,"column":22}},"1":{"start":{"line":138,"column":16},"end":{"line":138,"column":21}}},"fnMap":{"0":{"name":"(anonymous_4)","decl":{"start":{"line":136,"column":12},"end":{"line":136,"column":18}},"loc":{"start":{"line":136,"column":27},"end":{"line":139,"column":null}}},"1":{"name":"(anonymous_5)","decl":{"start":{"line":145,"column":8},"end":{"line":145,"column":15}},"loc":{"start":{"line":145,"column":18},"end":{"line":145,"column":null}}}},"branchMap":{},"s":{"0":0,"1":0},"f":{"0":0,"1":0},"b":{}}
,"/home/monster/app/weddinghouse-max/frontend/components/Home/ImageSlider.vue": {"path":"/home/monster/app/weddinghouse-max/frontend/components/Home/ImageSlider.vue","statementMap":{"0":{"start":{"line":75,"column":20},"end":{"line":75,"column":null}},"1":{"start":{"line":79,"column":12},"end":{"line":79,"column":19}},"2":{"start":{"line":87,"column":35},"end":{"line":87,"column":46}},"3":{"start":{"line":88,"column":16},"end":{"line":88,"column":21}},"4":{"start":{"line":89,"column":16},"end":{"line":89,"column":21}},"5":{"start":{"line":90,"column":16},"end":{"line":90,"column":21}},"6":{"start":{"line":92,"column":16},"end":{"line":92,"column":23}},"7":{"start":{"line":94,"column":16},"end":{"line":94,"column":23}},"8":{"start":{"line":96,"column":12},"end":{"line":96,"column":19}}},"fnMap":{"0":{"name":"(anonymous_0)","decl":{"start":{"line":78,"column":8},"end":{"line":78,"column":12}},"loc":{"start":{"line":78,"column":15},"end":{"line":84,"column":null}}},"1":{"name":"(anonymous_1)","decl":{"start":{"line":86,"column":8},"end":{"line":86,"column":14}},"loc":{"start":{"line":86,"column":22},"end":{"line":99,"column":null}}},"2":{"name":"(anonymous_2)","decl":{"start":{"line":87,"column":113},"end":{"line":87,"column":114}},"loc":{"start":{"line":87,"column":127},"end":{"line":93,"column":15}}},"3":{"name":"(anonymous_3)","decl":{"start":{"line":93,"column":21},"end":{"line":93,"column":22}},"loc":{"start":{"line":93,"column":32},"end":{"line":95,"column":null}}},"4":{"name":"(anonymous_4)","decl":{"start":{"line":110,"column":8},"end":{"line":110,"column":15}},"loc":{"start":{"line":110,"column":18},"end":{"line":118,"column":null}}}},"branchMap":{},"s":{"0":0,"1":0,"2":0,"3":0,"4":0,"5":0,"6":0,"7":0,"8":0},"f":{"0":0,"1":0,"2":0,"3":0,"4":0},"b":{}}
,"/home/monster/app/weddinghouse-max/frontend/pages/index.vue": {"path":"/home/monster/app/weddinghouse-max/frontend/pages/index.vue","statementMap":{"0":{"start":{"line":15,"column":12},"end":{"line":15,"column":19}},"1":{"start":{"line":18,"column":12},"end":{"line":18,"column":19}}},"fnMap":{"0":{"name":"(anonymous_0)","decl":{"start":{"line":14,"column":8},"end":{"line":14,"column":12}},"loc":{"start":{"line":14,"column":15},"end":{"line":16,"column":null}}},"1":{"name":"(anonymous_1)","decl":{"start":{"line":17,"column":8},"end":{"line":17,"column":12}},"loc":{"start":{"line":17,"column":15},"end":{"line":26,"column":null}}},"2":{"name":"(anonymous_2)","decl":{"start":{"line":30,"column":8},"end":{"line":30,"column":15}},"loc":{"start":{"line":30,"column":18},"end":{"line":30,"column":null}}}},"branchMap":{},"s":{"0":0,"1":0},"f":{"0":0,"1":0,"2":0},"b":{}}
}
