TN:
SF:components/MagaMenu.vue
FN:136,(anonymous_4)
FN:145,(anonymous_5)
FNF:2
FNH:0
FNDA:0,(anonymous_4)
FNDA:0,(anonymous_5)
DA:137,0
DA:138,0
LF:2
LH:0
BRF:0
BRH:0
end_of_record
TN:
SF:components/Home/ImageSlider.vue
FN:78,(anonymous_0)
FN:86,(anonymous_1)
FN:87,(anonymous_2)
FN:93,(anonymous_3)
FN:110,(anonymous_4)
FNF:5
FNH:0
FNDA:0,(anonymous_0)
FNDA:0,(anonymous_1)
FNDA:0,(anonymous_2)
FNDA:0,(anonymous_3)
FNDA:0,(anonymous_4)
DA:75,0
DA:79,0
DA:87,0
DA:88,0
DA:89,0
DA:90,0
DA:92,0
DA:94,0
DA:96,0
LF:9
LH:0
BRF:0
BRH:0
end_of_record
TN:
SF:pages/index.vue
FN:14,(anonymous_0)
FN:17,(anonymous_1)
FN:30,(anonymous_2)
FNF:3
FNH:0
FNDA:0,(anonymous_0)
FNDA:0,(anonymous_1)
FNDA:0,(anonymous_2)
DA:15,0
DA:18,0
LF:2
LH:0
BRF:0
BRH:0
end_of_record
